<?xml version="1.0" encoding="UTF-8"?>
<testsuite name="TestApplication" tests="2" skipped="0" failures="0" errors="0" timestamp="2025-03-04T09:37:41" hostname="Mihais-MacBook-Pro-2.local" time="0.014">
  <properties/>
  <testcase name="Test1" classname="TestApplication" time="0.012"/>
  <testcase name="Test2" classname="TestApplication" time="0.001"/>
  <system-out><![CDATA[]]></system-out>
  <system-err><![CDATA[]]></system-err>
</testsuite>
